<?xml version="1.0" encoding="UTF-8"?>
<!-- Generated by org.testng.reporters.JUnitReportReporter -->
<testsuite skipped="0" hostname="Nithesh-Gowda" name="com.oneDayCart.testScript.Demo" tests="1" failures="0" timestamp="2020-06-16T20:20:44 IST" time="16.933" errors="0">
  <testcase name="test" time="16.933" classname="com.oneDayCart.testScript.Demo"/>
  <system-out/>
</testsuite> <!-- com.oneDayCart.testScript.Demo -->
