<?xml version="1.0" encoding="UTF-8"?>
<!-- Generated by org.testng.reporters.JUnitReportReporter -->
<testsuite skipped="0" hostname="Nithesh-Gowda" name="com.oneDayCart.testScript.DeleteWishListTest" tests="1" failures="0" timestamp="2020-06-17T20:01:55 IST" time="45.501" errors="0">
  <testcase name="deleteWishlistTest" time="45.501" classname="com.oneDayCart.testScript.DeleteWishListTest"/>
  <system-out>
click on remove item Handling alert  </system-out>
</testsuite> <!-- com.oneDayCart.testScript.DeleteWishListTest -->
