<?xml version="1.0" encoding="UTF-8"?>
<!-- Generated by org.testng.reporters.JUnitReportReporter -->
<testsuite skipped="0" hostname="Nithesh-Gowda" name="com.oneDayCart.testScript.SearchBarTest" tests="1" failures="0" timestamp="2020-06-17T16:24:09 IST" time="65.162" errors="0">
  <testcase name="searchProductTest" time="65.162" classname="com.oneDayCart.testScript.SearchBarTest"/>
  <system-out/>
</testsuite> <!-- com.oneDayCart.testScript.SearchBarTest -->
