<?xml version="1.0" encoding="UTF-8"?>
<!-- Generated by org.testng.reporters.JUnitReportReporter -->
<testsuite skipped="0" hostname="Nithesh-Gowda" name="com.oneDayCart.testScript.AddAllWishListTest" tests="1" failures="0" timestamp="2020-06-17T20:12:52 IST" time="35.185" errors="0">
  <testcase name="addAllToCartTest" time="35.185" classname="com.oneDayCart.testScript.AddAllWishListTest"/>
  <system-out>
click on add all to cart button  </system-out>
</testsuite> <!-- com.oneDayCart.testScript.AddAllWishListTest -->
