<?xml version="1.0" encoding="UTF-8"?>
<!-- Generated by org.testng.reporters.JUnitReportReporter -->
<testsuite skipped="0" hostname="Nithesh-Gowda" name="com.oneDayCart.testScript.ClearCartTest" tests="1" failures="0" timestamp="2020-06-17T18:40:31 IST" time="37.857" errors="0">
  <testcase name="clearcartTest" time="37.857" classname="com.oneDayCart.testScript.ClearCartTest"/>
  <system-out>
cleared cart items  </system-out>
</testsuite> <!-- com.oneDayCart.testScript.ClearCartTest -->
